{"contracts\\interfaces\\IERC20.sol":{"l":{},"path":"F:\\Work\\staking-vault\\contracts\\interfaces\\IERC20.sol","s":{},"b":{},"f":{},"fnMap":{},"statementMap":{},"branchMap":{}},"contracts\\mock\\ERC20Mock.sol":{"l":{"11":42},"path":"F:\\Work\\staking-vault\\contracts\\mock\\ERC20Mock.sol","s":{"1":42},"b":{},"f":{"1":63,"2":42},"fnMap":{"1":{"name":"constructor","line":7,"loc":{"start":{"line":7,"column":4},"end":{"line":7,"column":45}}},"2":{"name":"mint","line":10,"loc":{"start":{"line":10,"column":4},"end":{"line":12,"column":4}}}},"statementMap":{"1":{"start":{"line":11,"column":8},"end":{"line":11,"column":29}}},"branchMap":{}},"contracts\\StakingVault.sol":{"l":{"45":84,"46":63,"57":18,"71":4,"72":4,"73":3,"74":2,"79":1,"80":1,"81":1,"82":1,"83":1,"97":7,"98":7,"99":6,"101":6,"102":6,"103":1,"105":6,"106":2,"107":7,"108":7,"109":6,"110":5,"112":1,"113":1,"116":7,"118":2,"120":4,"121":4,"125":3,"126":2,"128":3,"129":3,"145":3,"146":2,"147":2,"148":2,"149":1,"150":1,"151":1,"152":1,"153":1,"156":1,"157":1,"158":1,"159":1,"160":1,"170":3,"171":2,"172":1,"186":5,"187":4,"188":3,"189":3,"193":2,"194":2,"195":1,"196":1,"197":1,"198":1,"213":1,"220":2,"221":1,"223":1,"231":3,"232":3,"246":19,"247":18,"248":17,"250":17,"251":17,"252":17,"253":17,"254":17,"255":17,"256":17,"270":11,"271":10,"272":10,"273":10,"274":10,"275":2,"276":8,"277":8,"278":8,"279":8,"280":8,"281":0,"282":0,"284":8,"285":4,"287":8,"289":2,"291":8,"292":8,"293":8,"294":8,"295":8,"296":2,"297":2,"298":2,"300":8,"301":1,"303":8,"311":18},"path":"F:\\Work\\staking-vault\\contracts\\StakingVault.sol","s":{"1":84,"2":63,"3":18,"4":4,"5":4,"6":3,"7":2,"8":1,"9":1,"10":1,"11":1,"12":1,"13":7,"14":7,"15":6,"16":6,"17":6,"18":1,"19":6,"20":2,"21":7,"22":7,"23":6,"24":5,"25":1,"26":1,"27":7,"28":2,"29":4,"30":4,"31":3,"32":2,"33":3,"34":3,"35":3,"36":2,"37":2,"38":2,"39":1,"40":1,"41":1,"42":1,"43":1,"44":1,"45":1,"46":1,"47":1,"48":1,"49":3,"50":2,"51":1,"52":5,"53":4,"54":3,"55":3,"56":2,"57":2,"58":1,"59":1,"60":1,"61":1,"62":1,"63":2,"64":1,"65":1,"66":3,"67":3,"68":19,"69":18,"70":17,"71":17,"72":17,"73":17,"74":17,"75":17,"76":17,"77":17,"78":11,"79":10,"80":10,"81":10,"82":10,"83":2,"84":8,"85":8,"86":8,"87":8,"88":8,"89":0,"90":0,"91":8,"92":4,"93":8,"94":2,"95":8,"96":8,"97":8,"98":8,"99":8,"100":2,"101":2,"102":2,"103":8,"104":1,"105":8,"106":18},"b":{"1":[63,21],"2":[3,1],"3":[2,1],"4":[1,1],"5":[6,1],"6":[1,5],"7":[2,4],"8":[6,1],"9":[5,1],"10":[1,6],"11":[1,1],"12":[3,1],"13":[2,1],"14":[2,1],"15":[1,1],"16":[2,1],"17":[4,1],"18":[3,1],"19":[2,1],"20":[1,1],"21":[1,1],"22":[18,1],"23":[17,1],"24":[10,1],"25":[2,8],"26":[0,8],"27":[4,4],"28":[2,6],"29":[1,7]},"f":{"1":84,"2":18,"3":4,"4":7,"5":3,"6":3,"7":5,"8":1,"9":2,"10":3,"11":19,"12":11,"13":18},"fnMap":{"1":{"name":"constructor","line":44,"loc":{"start":{"line":44,"column":4},"end":{"line":47,"column":4}}},"2":{"name":"lock","line":56,"loc":{"start":{"line":56,"column":4},"end":{"line":58,"column":4}}},"3":{"name":"increaseLock","line":70,"loc":{"start":{"line":66,"column":4},"end":{"line":84,"column":4}}},"4":{"name":"unLock","line":96,"loc":{"start":{"line":92,"column":4},"end":{"line":130,"column":4}}},"5":{"name":"getClaimableRewards","line":141,"loc":{"start":{"line":138,"column":4},"end":{"line":162,"column":4}}},"6":{"name":"claimRewards","line":169,"loc":{"start":{"line":169,"column":4},"end":{"line":173,"column":4}}},"7":{"name":"compound","line":185,"loc":{"start":{"line":181,"column":4},"end":{"line":199,"column":4}}},"8":{"name":"lockFor","line":212,"loc":{"start":{"line":208,"column":4},"end":{"line":214,"column":4}}},"9":{"name":"setPause","line":219,"loc":{"start":{"line":219,"column":4},"end":{"line":225,"column":4}}},"10":{"name":"addRewards","line":230,"loc":{"start":{"line":230,"column":4},"end":{"line":233,"column":4}}},"11":{"name":"_lock","line":245,"loc":{"start":{"line":241,"column":4},"end":{"line":257,"column":4}}},"12":{"name":"_updateReward","line":265,"loc":{"start":{"line":265,"column":4},"end":{"line":305,"column":4}}},"13":{"name":"_getRewardPerTokenForOneDay","line":310,"loc":{"start":{"line":310,"column":4},"end":{"line":314,"column":4}}}},"statementMap":{"1":{"start":{"line":45,"column":8},"end":{"line":45,"column":94}},"2":{"start":{"line":46,"column":8},"end":{"line":46,"column":43}},"3":{"start":{"line":57,"column":8},"end":{"line":57,"column":49}},"4":{"start":{"line":71,"column":8},"end":{"line":71,"column":68}},"5":{"start":{"line":72,"column":8},"end":{"line":72,"column":77}},"6":{"start":{"line":73,"column":8},"end":{"line":73,"column":97}},"7":{"start":{"line":74,"column":8},"end":{"line":74,"column":2764}},"8":{"start":{"line":79,"column":8},"end":{"line":79,"column":47}},"9":{"start":{"line":80,"column":8},"end":{"line":80,"column":32}},"10":{"start":{"line":81,"column":8},"end":{"line":81,"column":32}},"11":{"start":{"line":82,"column":8},"end":{"line":82,"column":34}},"12":{"start":{"line":83,"column":8},"end":{"line":83,"column":71}},"13":{"start":{"line":97,"column":8},"end":{"line":97,"column":33}},"14":{"start":{"line":98,"column":8},"end":{"line":98,"column":83}},"15":{"start":{"line":99,"column":8},"end":{"line":99,"column":27}},"16":{"start":{"line":101,"column":8},"end":{"line":101,"column":63}},"17":{"start":{"line":102,"column":8},"end":{"line":102,"column":3862}},"18":{"start":{"line":103,"column":12},"end":{"line":103,"column":34}},"19":{"start":{"line":105,"column":8},"end":{"line":105,"column":3939}},"20":{"start":{"line":106,"column":12},"end":{"line":106,"column":3975}},"21":{"start":{"line":107,"column":16},"end":{"line":107,"column":53}},"22":{"start":{"line":108,"column":16},"end":{"line":108,"column":4109}},"23":{"start":{"line":109,"column":20},"end":{"line":109,"column":4210}},"24":{"start":{"line":110,"column":24},"end":{"line":110,"column":48}},"25":{"start":{"line":112,"column":24},"end":{"line":112,"column":48}},"26":{"start":{"line":113,"column":24},"end":{"line":113,"column":33}},"27":{"start":{"line":116,"column":16},"end":{"line":116,"column":38}},"28":{"start":{"line":118,"column":12},"end":{"line":118,"column":73}},"29":{"start":{"line":120,"column":12},"end":{"line":120,"column":54}},"30":{"start":{"line":121,"column":12},"end":{"line":121,"column":4670}},"31":{"start":{"line":125,"column":12},"end":{"line":125,"column":83}},"32":{"start":{"line":126,"column":12},"end":{"line":126,"column":36}},"33":{"start":{"line":128,"column":8},"end":{"line":128,"column":34}},"34":{"start":{"line":129,"column":8},"end":{"line":129,"column":62}},"35":{"start":{"line":145,"column":8},"end":{"line":145,"column":77}},"36":{"start":{"line":146,"column":8},"end":{"line":146,"column":22}},"37":{"start":{"line":147,"column":8},"end":{"line":147,"column":25}},"38":{"start":{"line":148,"column":8},"end":{"line":148,"column":5604}},"39":{"start":{"line":149,"column":12},"end":{"line":149,"column":5640}},"40":{"start":{"line":150,"column":16},"end":{"line":150,"column":89}},"41":{"start":{"line":151,"column":16},"end":{"line":151,"column":98}},"42":{"start":{"line":152,"column":16},"end":{"line":152,"column":32}},"43":{"start":{"line":153,"column":16},"end":{"line":153,"column":75}},"44":{"start":{"line":156,"column":12},"end":{"line":156,"column":66}},"45":{"start":{"line":157,"column":12},"end":{"line":157,"column":90}},"46":{"start":{"line":158,"column":12},"end":{"line":158,"column":81}},"47":{"start":{"line":159,"column":12},"end":{"line":159,"column":28}},"48":{"start":{"line":160,"column":12},"end":{"line":160,"column":48}},"49":{"start":{"line":170,"column":8},"end":{"line":170,"column":67}},"50":{"start":{"line":171,"column":8},"end":{"line":171,"column":59}},"51":{"start":{"line":172,"column":8},"end":{"line":172,"column":47}},"52":{"start":{"line":186,"column":8},"end":{"line":186,"column":67}},"53":{"start":{"line":187,"column":8},"end":{"line":187,"column":98}},"54":{"start":{"line":188,"column":8},"end":{"line":188,"column":62}},"55":{"start":{"line":189,"column":8},"end":{"line":189,"column":7390}},"56":{"start":{"line":193,"column":8},"end":{"line":193,"column":47}},"57":{"start":{"line":194,"column":8},"end":{"line":194,"column":88}},"58":{"start":{"line":195,"column":8},"end":{"line":195,"column":33}},"59":{"start":{"line":196,"column":8},"end":{"line":196,"column":35}},"60":{"start":{"line":197,"column":8},"end":{"line":197,"column":30}},"61":{"start":{"line":198,"column":8},"end":{"line":198,"column":33}},"62":{"start":{"line":213,"column":8},"end":{"line":213,"column":43}},"63":{"start":{"line":220,"column":8},"end":{"line":220,"column":8369}},"64":{"start":{"line":221,"column":12},"end":{"line":221,"column":19}},"65":{"start":{"line":223,"column":12},"end":{"line":223,"column":21}},"66":{"start":{"line":231,"column":8},"end":{"line":231,"column":71}},"67":{"start":{"line":232,"column":8},"end":{"line":232,"column":29}},"68":{"start":{"line":246,"column":8},"end":{"line":246,"column":56}},"69":{"start":{"line":247,"column":8},"end":{"line":247,"column":97}},"70":{"start":{"line":248,"column":8},"end":{"line":248,"column":34}},"71":{"start":{"line":250,"column":8},"end":{"line":250,"column":62}},"72":{"start":{"line":251,"column":8},"end":{"line":251,"column":31}},"73":{"start":{"line":252,"column":8},"end":{"line":252,"column":31}},"74":{"start":{"line":253,"column":8},"end":{"line":253,"column":45}},"75":{"start":{"line":254,"column":8},"end":{"line":254,"column":45}},"76":{"start":{"line":255,"column":8},"end":{"line":255,"column":34}},"77":{"start":{"line":256,"column":8},"end":{"line":256,"column":65}},"78":{"start":{"line":270,"column":8},"end":{"line":270,"column":77}},"79":{"start":{"line":271,"column":8},"end":{"line":271,"column":22}},"80":{"start":{"line":272,"column":8},"end":{"line":272,"column":25}},"81":{"start":{"line":273,"column":8},"end":{"line":273,"column":30}},"82":{"start":{"line":274,"column":8},"end":{"line":274,"column":10122}},"83":{"start":{"line":275,"column":12},"end":{"line":275,"column":10158}},"84":{"start":{"line":276,"column":16},"end":{"line":276,"column":88}},"85":{"start":{"line":277,"column":16},"end":{"line":277,"column":98}},"86":{"start":{"line":278,"column":16},"end":{"line":278,"column":32}},"87":{"start":{"line":279,"column":16},"end":{"line":279,"column":38}},"88":{"start":{"line":280,"column":16},"end":{"line":280,"column":10501}},"89":{"start":{"line":281,"column":20},"end":{"line":281,"column":60}},"90":{"start":{"line":282,"column":20},"end":{"line":282,"column":70}},"91":{"start":{"line":284,"column":16},"end":{"line":284,"column":10696}},"92":{"start":{"line":285,"column":20},"end":{"line":285,"column":51}},"93":{"start":{"line":287,"column":16},"end":{"line":287,"column":53}},"94":{"start":{"line":289,"column":12},"end":{"line":289,"column":37}},"95":{"start":{"line":291,"column":12},"end":{"line":291,"column":66}},"96":{"start":{"line":292,"column":12},"end":{"line":292,"column":71}},"97":{"start":{"line":293,"column":12},"end":{"line":293,"column":81}},"98":{"start":{"line":294,"column":12},"end":{"line":294,"column":28}},"99":{"start":{"line":295,"column":12},"end":{"line":295,"column":11190}},"100":{"start":{"line":296,"column":16},"end":{"line":296,"column":43}},"101":{"start":{"line":297,"column":16},"end":{"line":297,"column":40}},"102":{"start":{"line":298,"column":16},"end":{"line":298,"column":53}},"103":{"start":{"line":300,"column":12},"end":{"line":300,"column":11387}},"104":{"start":{"line":301,"column":16},"end":{"line":301,"column":34}},"105":{"start":{"line":303,"column":12},"end":{"line":303,"column":48}},"106":{"start":{"line":311,"column":8},"end":{"line":311,"column":11744}}},"branchMap":{"1":{"line":45,"type":"if","locations":[{"start":{"line":45,"column":8},"end":{"line":45,"column":8}},{"start":{"line":45,"column":8},"end":{"line":45,"column":8}}]},"2":{"line":72,"type":"if","locations":[{"start":{"line":72,"column":8},"end":{"line":72,"column":8}},{"start":{"line":72,"column":8},"end":{"line":72,"column":8}}]},"3":{"line":73,"type":"if","locations":[{"start":{"line":73,"column":8},"end":{"line":73,"column":8}},{"start":{"line":73,"column":8},"end":{"line":73,"column":8}}]},"4":{"line":74,"type":"if","locations":[{"start":{"line":74,"column":8},"end":{"line":74,"column":8}},{"start":{"line":74,"column":8},"end":{"line":74,"column":8}}]},"5":{"line":98,"type":"if","locations":[{"start":{"line":98,"column":8},"end":{"line":98,"column":8}},{"start":{"line":98,"column":8},"end":{"line":98,"column":8}}]},"6":{"line":102,"type":"if","locations":[{"start":{"line":102,"column":8},"end":{"line":102,"column":8}},{"start":{"line":102,"column":8},"end":{"line":102,"column":8}}]},"7":{"line":105,"type":"if","locations":[{"start":{"line":105,"column":8},"end":{"line":105,"column":8}},{"start":{"line":105,"column":8},"end":{"line":105,"column":8}}]},"8":{"line":108,"type":"if","locations":[{"start":{"line":108,"column":16},"end":{"line":108,"column":16}},{"start":{"line":108,"column":16},"end":{"line":108,"column":16}}]},"9":{"line":109,"type":"if","locations":[{"start":{"line":109,"column":20},"end":{"line":109,"column":20}},{"start":{"line":109,"column":20},"end":{"line":109,"column":20}}]},"10":{"line":116,"type":"if","locations":[{"start":{"line":116,"column":16},"end":{"line":116,"column":16}},{"start":{"line":116,"column":16},"end":{"line":116,"column":16}}]},"11":{"line":118,"type":"if","locations":[{"start":{"line":118,"column":12},"end":{"line":118,"column":12}},{"start":{"line":118,"column":12},"end":{"line":118,"column":12}}]},"12":{"line":121,"type":"if","locations":[{"start":{"line":121,"column":12},"end":{"line":121,"column":12}},{"start":{"line":121,"column":12},"end":{"line":121,"column":12}}]},"13":{"line":125,"type":"if","locations":[{"start":{"line":125,"column":12},"end":{"line":125,"column":12}},{"start":{"line":125,"column":12},"end":{"line":125,"column":12}}]},"14":{"line":145,"type":"if","locations":[{"start":{"line":145,"column":8},"end":{"line":145,"column":8}},{"start":{"line":145,"column":8},"end":{"line":145,"column":8}}]},"15":{"line":148,"type":"if","locations":[{"start":{"line":148,"column":8},"end":{"line":148,"column":8}},{"start":{"line":148,"column":8},"end":{"line":148,"column":8}}]},"16":{"line":170,"type":"if","locations":[{"start":{"line":170,"column":8},"end":{"line":170,"column":8}},{"start":{"line":170,"column":8},"end":{"line":170,"column":8}}]},"17":{"line":186,"type":"if","locations":[{"start":{"line":186,"column":8},"end":{"line":186,"column":8}},{"start":{"line":186,"column":8},"end":{"line":186,"column":8}}]},"18":{"line":187,"type":"if","locations":[{"start":{"line":187,"column":8},"end":{"line":187,"column":8}},{"start":{"line":187,"column":8},"end":{"line":187,"column":8}}]},"19":{"line":189,"type":"if","locations":[{"start":{"line":189,"column":8},"end":{"line":189,"column":8}},{"start":{"line":189,"column":8},"end":{"line":189,"column":8}}]},"20":{"line":194,"type":"if","locations":[{"start":{"line":194,"column":8},"end":{"line":194,"column":8}},{"start":{"line":194,"column":8},"end":{"line":194,"column":8}}]},"21":{"line":220,"type":"if","locations":[{"start":{"line":220,"column":8},"end":{"line":220,"column":8}},{"start":{"line":220,"column":8},"end":{"line":220,"column":8}}]},"22":{"line":246,"type":"if","locations":[{"start":{"line":246,"column":8},"end":{"line":246,"column":8}},{"start":{"line":246,"column":8},"end":{"line":246,"column":8}}]},"23":{"line":247,"type":"if","locations":[{"start":{"line":247,"column":8},"end":{"line":247,"column":8}},{"start":{"line":247,"column":8},"end":{"line":247,"column":8}}]},"24":{"line":270,"type":"if","locations":[{"start":{"line":270,"column":8},"end":{"line":270,"column":8}},{"start":{"line":270,"column":8},"end":{"line":270,"column":8}}]},"25":{"line":274,"type":"if","locations":[{"start":{"line":274,"column":8},"end":{"line":274,"column":8}},{"start":{"line":274,"column":8},"end":{"line":274,"column":8}}]},"26":{"line":280,"type":"if","locations":[{"start":{"line":280,"column":16},"end":{"line":280,"column":16}},{"start":{"line":280,"column":16},"end":{"line":280,"column":16}}]},"27":{"line":284,"type":"if","locations":[{"start":{"line":284,"column":16},"end":{"line":284,"column":16}},{"start":{"line":284,"column":16},"end":{"line":284,"column":16}}]},"28":{"line":295,"type":"if","locations":[{"start":{"line":295,"column":12},"end":{"line":295,"column":12}},{"start":{"line":295,"column":12},"end":{"line":295,"column":12}}]},"29":{"line":300,"type":"if","locations":[{"start":{"line":300,"column":12},"end":{"line":300,"column":12}},{"start":{"line":300,"column":12},"end":{"line":300,"column":12}}]}}}}