{"contracts\\interfaces\\IERC20.sol":{"l":{},"path":"F:\\Work\\staking-vault\\contracts\\interfaces\\IERC20.sol","s":{},"b":{},"f":{},"fnMap":{},"statementMap":{},"branchMap":{}},"contracts\\mock\\ERC20Mock.sol":{"l":{"11":46},"path":"F:\\Work\\staking-vault\\contracts\\mock\\ERC20Mock.sol","s":{"1":46},"b":{},"f":{"1":69,"2":46},"fnMap":{"1":{"name":"constructor","line":7,"loc":{"start":{"line":7,"column":4},"end":{"line":7,"column":45}}},"2":{"name":"mint","line":10,"loc":{"start":{"line":10,"column":4},"end":{"line":12,"column":4}}}},"statementMap":{"1":{"start":{"line":11,"column":8},"end":{"line":11,"column":29}}},"branchMap":{}},"contracts\\StakingVault.sol":{"l":{"41":92,"42":69,"46":13,"47":11,"51":25,"55":24,"59":4,"60":3,"71":18,"86":3,"87":3,"91":2,"95":1,"96":1,"97":1,"98":1,"99":1,"107":4,"109":4,"113":3,"114":2,"115":2,"116":2,"117":2,"118":2,"119":2,"120":2,"121":1,"122":1,"123":1,"125":2,"134":1,"142":3,"143":2,"144":2,"145":2,"146":2,"147":1,"148":1,"158":4,"159":3,"160":3,"164":2,"165":2,"166":1,"167":1,"168":1,"169":1,"184":1,"192":5,"199":2,"200":1,"202":1,"214":3,"215":3,"229":18,"230":17,"231":16,"235":15,"236":15,"237":15,"238":15,"239":15,"240":15,"241":15,"250":8,"251":8,"252":8,"253":8,"261":7,"262":7,"263":7,"264":2,"265":2,"266":2,"274":8},"path":"F:\\Work\\staking-vault\\contracts\\StakingVault.sol","s":{"1":92,"2":69,"3":13,"4":25,"5":4,"6":18,"7":3,"8":3,"9":2,"10":1,"11":1,"12":1,"13":1,"14":1,"15":4,"16":4,"17":3,"18":2,"19":2,"20":2,"21":2,"22":2,"23":2,"24":2,"25":1,"26":1,"27":1,"28":2,"29":1,"30":3,"31":2,"32":2,"33":2,"34":2,"35":1,"36":1,"37":4,"38":3,"39":3,"40":2,"41":2,"42":1,"43":1,"44":1,"45":1,"46":1,"47":5,"48":2,"49":1,"50":1,"51":3,"52":3,"53":18,"54":17,"55":16,"56":15,"57":15,"58":15,"59":15,"60":15,"61":15,"62":15,"63":8,"64":8,"65":8,"66":8,"67":7,"68":7,"69":7,"70":2,"71":2,"72":2,"73":8},"b":{"1":[69,23],"2":[11,2],"3":[24,1],"4":[3,1],"5":[2,1],"6":[1,1],"7":[3,1],"8":[2,1],"9":[1,1],"10":[2,1],"11":[1,1],"12":[3,1],"13":[2,1],"14":[1,1],"15":[1,1],"16":[17,1],"17":[16,1],"18":[15,1],"19":[2,5]},"f":{"1":92,"2":13,"3":25,"4":4,"5":18,"6":3,"7":4,"8":1,"9":3,"10":4,"11":1,"12":5,"13":2,"14":3,"15":18,"16":8,"17":7,"18":8},"fnMap":{"1":{"name":"constructor","line":40,"loc":{"start":{"line":40,"column":4},"end":{"line":43,"column":4}}},"2":{"name":"isLocked","line":45,"loc":{"start":{"line":45,"column":4},"end":{"line":48,"column":4}}},"3":{"name":"isApproved","line":50,"loc":{"start":{"line":50,"column":4},"end":{"line":56,"column":4}}},"4":{"name":"onlyRewardDistributor","line":58,"loc":{"start":{"line":58,"column":4},"end":{"line":61,"column":4}}},"5":{"name":"lock","line":70,"loc":{"start":{"line":70,"column":4},"end":{"line":72,"column":4}}},"6":{"name":"increaseLock","line":84,"loc":{"start":{"line":79,"column":4},"end":{"line":100,"column":4}}},"7":{"name":"unLock","line":106,"loc":{"start":{"line":106,"column":4},"end":{"line":126,"column":4}}},"8":{"name":"getClaimableRewards","line":133,"loc":{"start":{"line":133,"column":4},"end":{"line":135,"column":4}}},"9":{"name":"claimRewards","line":141,"loc":{"start":{"line":141,"column":4},"end":{"line":150,"column":4}}},"10":{"name":"compound","line":157,"loc":{"start":{"line":157,"column":4},"end":{"line":170,"column":4}}},"11":{"name":"lockFor","line":183,"loc":{"start":{"line":179,"column":4},"end":{"line":185,"column":4}}},"12":{"name":"setRewardDistributor","line":191,"loc":{"start":{"line":191,"column":4},"end":{"line":193,"column":4}}},"13":{"name":"setPause","line":198,"loc":{"start":{"line":198,"column":4},"end":{"line":204,"column":4}}},"14":{"name":"notifyRewardAmount","line":212,"loc":{"start":{"line":209,"column":4},"end":{"line":216,"column":4}}},"15":{"name":"_lock","line":228,"loc":{"start":{"line":224,"column":4},"end":{"line":242,"column":4}}},"16":{"name":"_earned","line":249,"loc":{"start":{"line":249,"column":4},"end":{"line":254,"column":4}}},"17":{"name":"_updateReward","line":260,"loc":{"start":{"line":260,"column":4},"end":{"line":268,"column":4}}},"18":{"name":"_getRewardPerTokenForOneSecond","line":273,"loc":{"start":{"line":273,"column":4},"end":{"line":277,"column":4}}}},"statementMap":{"1":{"start":{"line":41,"column":8},"end":{"line":41,"column":94}},"2":{"start":{"line":42,"column":8},"end":{"line":42,"column":43}},"3":{"start":{"line":46,"column":8},"end":{"line":46,"column":93}},"4":{"start":{"line":51,"column":8},"end":{"line":51,"column":1631}},"5":{"start":{"line":59,"column":8},"end":{"line":59,"column":91}},"6":{"start":{"line":71,"column":8},"end":{"line":71,"column":40}},"7":{"start":{"line":86,"column":8},"end":{"line":86,"column":60}},"8":{"start":{"line":87,"column":8},"end":{"line":87,"column":2730}},"9":{"start":{"line":91,"column":8},"end":{"line":91,"column":2874}},"10":{"start":{"line":95,"column":8},"end":{"line":95,"column":32}},"11":{"start":{"line":96,"column":8},"end":{"line":96,"column":32}},"12":{"start":{"line":97,"column":8},"end":{"line":97,"column":32}},"13":{"start":{"line":98,"column":8},"end":{"line":98,"column":34}},"14":{"start":{"line":99,"column":8},"end":{"line":99,"column":71}},"15":{"start":{"line":107,"column":8},"end":{"line":107,"column":60}},"16":{"start":{"line":109,"column":8},"end":{"line":109,"column":3545}},"17":{"start":{"line":113,"column":8},"end":{"line":113,"column":79}},"18":{"start":{"line":114,"column":8},"end":{"line":114,"column":32}},"19":{"start":{"line":115,"column":8},"end":{"line":115,"column":40}},"20":{"start":{"line":116,"column":8},"end":{"line":116,"column":29}},"21":{"start":{"line":117,"column":8},"end":{"line":117,"column":34}},"22":{"start":{"line":118,"column":8},"end":{"line":118,"column":26}},"23":{"start":{"line":119,"column":8},"end":{"line":119,"column":32}},"24":{"start":{"line":120,"column":8},"end":{"line":120,"column":4007}},"25":{"start":{"line":121,"column":12},"end":{"line":121,"column":33}},"26":{"start":{"line":122,"column":12},"end":{"line":122,"column":34}},"27":{"start":{"line":123,"column":12},"end":{"line":123,"column":30}},"28":{"start":{"line":125,"column":8},"end":{"line":125,"column":61}},"29":{"start":{"line":134,"column":8},"end":{"line":134,"column":57}},"30":{"start":{"line":142,"column":8},"end":{"line":142,"column":67}},"31":{"start":{"line":143,"column":8},"end":{"line":143,"column":32}},"32":{"start":{"line":144,"column":8},"end":{"line":144,"column":54}},"33":{"start":{"line":145,"column":8},"end":{"line":145,"column":40}},"34":{"start":{"line":146,"column":8},"end":{"line":146,"column":4919}},"35":{"start":{"line":147,"column":12},"end":{"line":147,"column":30}},"36":{"start":{"line":148,"column":12},"end":{"line":148,"column":50}},"37":{"start":{"line":158,"column":8},"end":{"line":158,"column":67}},"38":{"start":{"line":159,"column":8},"end":{"line":159,"column":54}},"39":{"start":{"line":160,"column":8},"end":{"line":160,"column":5444}},"40":{"start":{"line":164,"column":8},"end":{"line":164,"column":32}},"41":{"start":{"line":165,"column":8},"end":{"line":165,"column":88}},"42":{"start":{"line":166,"column":8},"end":{"line":166,"column":33}},"43":{"start":{"line":167,"column":8},"end":{"line":167,"column":35}},"44":{"start":{"line":168,"column":8},"end":{"line":168,"column":30}},"45":{"start":{"line":169,"column":8},"end":{"line":169,"column":33}},"46":{"start":{"line":184,"column":8},"end":{"line":184,"column":34}},"47":{"start":{"line":192,"column":8},"end":{"line":192,"column":33}},"48":{"start":{"line":199,"column":8},"end":{"line":199,"column":6621}},"49":{"start":{"line":200,"column":12},"end":{"line":200,"column":19}},"50":{"start":{"line":202,"column":12},"end":{"line":202,"column":21}},"51":{"start":{"line":214,"column":8},"end":{"line":214,"column":71}},"52":{"start":{"line":215,"column":8},"end":{"line":215,"column":29}},"53":{"start":{"line":229,"column":8},"end":{"line":229,"column":56}},"54":{"start":{"line":230,"column":8},"end":{"line":230,"column":97}},"55":{"start":{"line":231,"column":8},"end":{"line":231,"column":7588}},"56":{"start":{"line":235,"column":8},"end":{"line":235,"column":54}},"57":{"start":{"line":236,"column":8},"end":{"line":236,"column":31}},"58":{"start":{"line":237,"column":8},"end":{"line":237,"column":31}},"59":{"start":{"line":238,"column":8},"end":{"line":238,"column":43}},"60":{"start":{"line":239,"column":8},"end":{"line":239,"column":44}},"61":{"start":{"line":240,"column":8},"end":{"line":240,"column":34}},"62":{"start":{"line":241,"column":8},"end":{"line":241,"column":65}},"63":{"start":{"line":250,"column":8},"end":{"line":250,"column":54}},"64":{"start":{"line":251,"column":8},"end":{"line":251,"column":62}},"65":{"start":{"line":252,"column":8},"end":{"line":252,"column":77}},"66":{"start":{"line":253,"column":8},"end":{"line":253,"column":21}},"67":{"start":{"line":261,"column":8},"end":{"line":261,"column":54}},"68":{"start":{"line":262,"column":8},"end":{"line":262,"column":41}},"69":{"start":{"line":263,"column":8},"end":{"line":263,"column":8796}},"70":{"start":{"line":264,"column":12},"end":{"line":264,"column":39}},"71":{"start":{"line":265,"column":12},"end":{"line":265,"column":36}},"72":{"start":{"line":266,"column":12},"end":{"line":266,"column":48}},"73":{"start":{"line":274,"column":8},"end":{"line":274,"column":9204}}},"branchMap":{"1":{"line":41,"type":"if","locations":[{"start":{"line":41,"column":8},"end":{"line":41,"column":8}},{"start":{"line":41,"column":8},"end":{"line":41,"column":8}}]},"2":{"line":46,"type":"if","locations":[{"start":{"line":46,"column":8},"end":{"line":46,"column":8}},{"start":{"line":46,"column":8},"end":{"line":46,"column":8}}]},"3":{"line":51,"type":"if","locations":[{"start":{"line":51,"column":8},"end":{"line":51,"column":8}},{"start":{"line":51,"column":8},"end":{"line":51,"column":8}}]},"4":{"line":59,"type":"if","locations":[{"start":{"line":59,"column":8},"end":{"line":59,"column":8}},{"start":{"line":59,"column":8},"end":{"line":59,"column":8}}]},"5":{"line":87,"type":"if","locations":[{"start":{"line":87,"column":8},"end":{"line":87,"column":8}},{"start":{"line":87,"column":8},"end":{"line":87,"column":8}}]},"6":{"line":91,"type":"if","locations":[{"start":{"line":91,"column":8},"end":{"line":91,"column":8}},{"start":{"line":91,"column":8},"end":{"line":91,"column":8}}]},"7":{"line":109,"type":"if","locations":[{"start":{"line":109,"column":8},"end":{"line":109,"column":8}},{"start":{"line":109,"column":8},"end":{"line":109,"column":8}}]},"8":{"line":113,"type":"if","locations":[{"start":{"line":113,"column":8},"end":{"line":113,"column":8}},{"start":{"line":113,"column":8},"end":{"line":113,"column":8}}]},"9":{"line":120,"type":"if","locations":[{"start":{"line":120,"column":8},"end":{"line":120,"column":8}},{"start":{"line":120,"column":8},"end":{"line":120,"column":8}}]},"10":{"line":142,"type":"if","locations":[{"start":{"line":142,"column":8},"end":{"line":142,"column":8}},{"start":{"line":142,"column":8},"end":{"line":142,"column":8}}]},"11":{"line":146,"type":"if","locations":[{"start":{"line":146,"column":8},"end":{"line":146,"column":8}},{"start":{"line":146,"column":8},"end":{"line":146,"column":8}}]},"12":{"line":158,"type":"if","locations":[{"start":{"line":158,"column":8},"end":{"line":158,"column":8}},{"start":{"line":158,"column":8},"end":{"line":158,"column":8}}]},"13":{"line":160,"type":"if","locations":[{"start":{"line":160,"column":8},"end":{"line":160,"column":8}},{"start":{"line":160,"column":8},"end":{"line":160,"column":8}}]},"14":{"line":165,"type":"if","locations":[{"start":{"line":165,"column":8},"end":{"line":165,"column":8}},{"start":{"line":165,"column":8},"end":{"line":165,"column":8}}]},"15":{"line":199,"type":"if","locations":[{"start":{"line":199,"column":8},"end":{"line":199,"column":8}},{"start":{"line":199,"column":8},"end":{"line":199,"column":8}}]},"16":{"line":229,"type":"if","locations":[{"start":{"line":229,"column":8},"end":{"line":229,"column":8}},{"start":{"line":229,"column":8},"end":{"line":229,"column":8}}]},"17":{"line":230,"type":"if","locations":[{"start":{"line":230,"column":8},"end":{"line":230,"column":8}},{"start":{"line":230,"column":8},"end":{"line":230,"column":8}}]},"18":{"line":231,"type":"if","locations":[{"start":{"line":231,"column":8},"end":{"line":231,"column":8}},{"start":{"line":231,"column":8},"end":{"line":231,"column":8}}]},"19":{"line":263,"type":"if","locations":[{"start":{"line":263,"column":8},"end":{"line":263,"column":8}},{"start":{"line":263,"column":8},"end":{"line":263,"column":8}}]}}}}