{
"contracts\\Greeter.sol":{"l":{"8":0,"12":0,"16":0},"path":"F:\\Work\\StackingVault\\contracts\\Greeter.sol","s":{"1":0,"2":0,"3":0},"b":{},"f":{"1":0,"2":0,"3":0},"fnMap":{"1":{"name":"constructor","line":7,"loc":{"start":{"line":7,"column":4},"end":{"line":9,"column":4}}},"2":{"name":"greet","line":11,"loc":{"start":{"line":11,"column":4},"end":{"line":13,"column":4}}},"3":{"name":"setGreeting","line":15,"loc":{"start":{"line":15,"column":4},"end":{"line":17,"column":4}}}},"statementMap":{"1":{"start":{"line":8,"column":8},"end":{"line":8,"column":27}},"2":{"start":{"line":12,"column":8},"end":{"line":12,"column":23}},"3":{"start":{"line":16,"column":8},"end":{"line":16,"column":27}}},"branchMap":{}},
"contracts\\interfaces\\IERC20.sol":{"l":{},"path":"F:\\Work\\StackingVault\\contracts\\interfaces\\IERC20.sol","s":{},"b":{},"f":{},"fnMap":{},"statementMap":{},"branchMap":{}},
"contracts\\mock\\ERC20Mock.sol":{"l":{"12":0},"path":"F:\\Work\\StackingVault\\contracts\\mock\\ERC20Mock.sol","s":{"1":0},"b":{},"f":{"1":3,"2":0},"fnMap":{"1":{"name":"constructor","line":8,"loc":{"start":{"line":8,"column":4},"end":{"line":8,"column":79}}},"2":{"name":"mint","line":11,"loc":{"start":{"line":11,"column":4},"end":{"line":13,"column":4}}}},"statementMap":{"1":{"start":{"line":12,"column":8},"end":{"line":12,"column":29}}},"branchMap":{}},
"contracts\\StakingVault.sol":{"l":{"34":3,"38":0,"42":0,"46":0,"47":0,"59":0,"68":0,"69":0,"70":0,"71":0,"72":0,"73":0,"74":0,"75":0,"76":0,"85":0,"86":0,"87":0,"88":0,"100":0,"101":0,"102":0,"112":0,"122":0,"123":0,"125":0,"126":0,"131":0,"147":0,"155":0,"163":2,"177":0,"178":0,"179":0,"180":0,"181":0,"182":0,"183":0},"path":"F:\\Work\\StackingVault\\contracts\\StakingVault.sol","s":{"1":3,"2":0,"3":0,"4":0,"5":0,"6":0,"7":0,"8":0,"9":0,"10":0,"11":0,"12":0,"13":0,"14":0,"15":0,"16":0,"17":0,"18":0,"19":0,"20":0,"21":0,"22":0,"23":0,"24":0,"25":0,"26":0,"27":0,"28":0,"29":2,"30":0,"31":0,"32":0,"33":0,"34":0,"35":0,"36":0},"b":{"1":[0,0],"2":[0,0],"3":[0,0],"4":[0,0],"5":[0,0],"6":[0,0],"7":[0,0],"8":[0,0],"9":[0,0]},"f":{"1":3,"2":0,"3":0,"4":0,"5":0,"6":0,"7":0,"8":0,"9":0,"10":0,"11":0,"12":0,"13":2,"14":0},"fnMap":{"1":{"name":"constructor","line":33,"loc":{"start":{"line":33,"column":4},"end":{"line":35,"column":4}}},"2":{"name":"isPeriod","line":37,"loc":{"start":{"line":37,"column":4},"end":{"line":43,"column":4}}},"3":{"name":"isUnPaused","line":45,"loc":{"start":{"line":45,"column":4},"end":{"line":48,"column":4}}},"4":{"name":"lock","line":58,"loc":{"start":{"line":58,"column":4},"end":{"line":60,"column":4}}},"5":{"name":"increaselock","line":67,"loc":{"start":{"line":67,"column":4},"end":{"line":77,"column":4}}},"6":{"name":"unlock","line":84,"loc":{"start":{"line":84,"column":4},"end":{"line":92,"column":4}}},"7":{"name":"getClaimableRewards","line":99,"loc":{"start":{"line":99,"column":4},"end":{"line":105,"column":4}}},"8":{"name":"claimRewards","line":111,"loc":{"start":{"line":111,"column":4},"end":{"line":114,"column":4}}},"9":{"name":"compound","line":121,"loc":{"start":{"line":121,"column":4},"end":{"line":128,"column":4}}},"10":{"name":"getRewardPerTokenForOneSecond","line":130,"loc":{"start":{"line":130,"column":4},"end":{"line":132,"column":4}}},"11":{"name":"lockFor","line":146,"loc":{"start":{"line":142,"column":4},"end":{"line":148,"column":4}}},"12":{"name":"setRewardDistributor","line":154,"loc":{"start":{"line":154,"column":4},"end":{"line":156,"column":4}}},"13":{"name":"setPause","line":162,"loc":{"start":{"line":162,"column":4},"end":{"line":164,"column":4}}},"14":{"name":"_lock","line":172,"loc":{"start":{"line":172,"column":4},"end":{"line":184,"column":4}}}},"statementMap":{"1":{"start":{"line":34,"column":8},"end":{"line":34,"column":43}},"2":{"start":{"line":38,"column":8},"end":{"line":38,"column":1152}},"3":{"start":{"line":46,"column":8},"end":{"line":46,"column":51}},"4":{"start":{"line":59,"column":8},"end":{"line":59,"column":40}},"5":{"start":{"line":68,"column":8},"end":{"line":68,"column":60}},"6":{"start":{"line":69,"column":8},"end":{"line":69,"column":85}},"7":{"start":{"line":70,"column":8},"end":{"line":70,"column":68}},"8":{"start":{"line":71,"column":8},"end":{"line":71,"column":86}},"9":{"start":{"line":72,"column":8},"end":{"line":72,"column":54}},"10":{"start":{"line":73,"column":8},"end":{"line":73,"column":32}},"11":{"start":{"line":74,"column":8},"end":{"line":74,"column":32}},"12":{"start":{"line":75,"column":8},"end":{"line":75,"column":44}},"13":{"start":{"line":76,"column":8},"end":{"line":76,"column":36}},"14":{"start":{"line":85,"column":8},"end":{"line":85,"column":60}},"15":{"start":{"line":86,"column":8},"end":{"line":86,"column":85}},"16":{"start":{"line":87,"column":8},"end":{"line":87,"column":97}},"17":{"start":{"line":88,"column":8},"end":{"line":88,"column":34}},"18":{"start":{"line":100,"column":8},"end":{"line":100,"column":67}},"19":{"start":{"line":101,"column":8},"end":{"line":101,"column":54}},"20":{"start":{"line":102,"column":8},"end":{"line":102,"column":3666}},"21":{"start":{"line":112,"column":8},"end":{"line":112,"column":67}},"22":{"start":{"line":122,"column":8},"end":{"line":122,"column":67}},"23":{"start":{"line":123,"column":8},"end":{"line":123,"column":97}},"24":{"start":{"line":125,"column":8},"end":{"line":125,"column":43}},"25":{"start":{"line":126,"column":8},"end":{"line":126,"column":64}},"26":{"start":{"line":131,"column":8},"end":{"line":131,"column":81}},"27":{"start":{"line":147,"column":8},"end":{"line":147,"column":34}},"28":{"start":{"line":155,"column":8},"end":{"line":155,"column":33}},"29":{"start":{"line":163,"column":8},"end":{"line":163,"column":22}},"30":{"start":{"line":177,"column":8},"end":{"line":177,"column":53}},"31":{"start":{"line":178,"column":8},"end":{"line":178,"column":36}},"32":{"start":{"line":179,"column":8},"end":{"line":179,"column":30}},"33":{"start":{"line":180,"column":8},"end":{"line":180,"column":30}},"34":{"start":{"line":181,"column":8},"end":{"line":181,"column":42}},"35":{"start":{"line":182,"column":8},"end":{"line":182,"column":43}},"36":{"start":{"line":183,"column":8},"end":{"line":183,"column":32}}},"branchMap":{"1":{"line":38,"type":"if","locations":[{"start":{"line":38,"column":8},"end":{"line":38,"column":8}},{"start":{"line":38,"column":8},"end":{"line":38,"column":8}}]},"2":{"line":46,"type":"if","locations":[{"start":{"line":46,"column":8},"end":{"line":46,"column":8}},{"start":{"line":46,"column":8},"end":{"line":46,"column":8}}]},"3":{"line":69,"type":"if","locations":[{"start":{"line":69,"column":8},"end":{"line":69,"column":8}},{"start":{"line":69,"column":8},"end":{"line":69,"column":8}}]},"4":{"line":86,"type":"if","locations":[{"start":{"line":86,"column":8},"end":{"line":86,"column":8}},{"start":{"line":86,"column":8},"end":{"line":86,"column":8}}]},"5":{"line":87,"type":"if","locations":[{"start":{"line":87,"column":8},"end":{"line":87,"column":8}},{"start":{"line":87,"column":8},"end":{"line":87,"column":8}}]},"6":{"line":100,"type":"if","locations":[{"start":{"line":100,"column":8},"end":{"line":100,"column":8}},{"start":{"line":100,"column":8},"end":{"line":100,"column":8}}]},"7":{"line":112,"type":"if","locations":[{"start":{"line":112,"column":8},"end":{"line":112,"column":8}},{"start":{"line":112,"column":8},"end":{"line":112,"column":8}}]},"8":{"line":122,"type":"if","locations":[{"start":{"line":122,"column":8},"end":{"line":122,"column":8}},{"start":{"line":122,"column":8},"end":{"line":122,"column":8}}]},"9":{"line":123,"type":"if","locations":[{"start":{"line":123,"column":8},"end":{"line":123,"column":8}},{"start":{"line":123,"column":8},"end":{"line":123,"column":8}}]}}}}
