{
"contracts\\Greeter.sol":{"l":{"8":6,"12":1,"16":0},"path":"F:\\Victory\\Task\\Vault\\contracts\\Greeter.sol","s":{"1":6,"2":1,"3":0},"b":{},"f":{"1":6,"2":1,"3":0},"fnMap":{"1":{"name":"constructor","line":7,"loc":{"start":{"line":7,"column":4},"end":{"line":9,"column":4}}},"2":{"name":"greet","line":11,"loc":{"start":{"line":11,"column":4},"end":{"line":13,"column":4}}},"3":{"name":"setGreeting","line":15,"loc":{"start":{"line":15,"column":4},"end":{"line":17,"column":4}}}},"statementMap":{"1":{"start":{"line":8,"column":8},"end":{"line":8,"column":27}},"2":{"start":{"line":12,"column":8},"end":{"line":12,"column":23}},"3":{"start":{"line":16,"column":8},"end":{"line":16,"column":27}}},"branchMap":{}},
"contracts\\interfaces\\IERC20.sol":{"l":{},"path":"F:\\Victory\\Task\\Vault\\contracts\\interfaces\\IERC20.sol","s":{},"b":{},"f":{},"fnMap":{},"statementMap":{},"branchMap":{}},
"contracts\\interfaces\\IERC3156FlashBorrower.sol":{"l":{},"path":"F:\\Victory\\Task\\Vault\\contracts\\interfaces\\IERC3156FlashBorrower.sol","s":{},"b":{},"f":{},"fnMap":{},"statementMap":{},"branchMap":{}},
"contracts\\interfaces\\IERC3156FlashLender.sol":{"l":{},"path":"F:\\Victory\\Task\\Vault\\contracts\\interfaces\\IERC3156FlashLender.sol","s":{},"b":{},"f":{},"fnMap":{},"statementMap":{},"branchMap":{}},
"contracts\\mock\\ERC20Mock.sol":{"l":{"12":0},"path":"F:\\Victory\\Task\\Vault\\contracts\\mock\\ERC20Mock.sol","s":{"1":0},"b":{},"f":{"1":0,"2":0},"fnMap":{"1":{"name":"constructor","line":8,"loc":{"start":{"line":8,"column":4},"end":{"line":8,"column":79}}},"2":{"name":"mint","line":11,"loc":{"start":{"line":11,"column":4},"end":{"line":13,"column":4}}}},"statementMap":{"1":{"start":{"line":12,"column":8},"end":{"line":12,"column":29}}},"branchMap":{}},
"contracts\\mock\\FlashBorrowerMock.sol":{"l":{"23":0,"42":0,"43":0,"44":0,"46":0,"47":0,"49":0,"52":0,"54":0,"56":0,"69":0,"70":0,"71":0,"73":0,"75":0,"78":0,"79":0,"80":0,"81":0,"82":0,"99":0,"109":0},"path":"F:\\Victory\\Task\\Vault\\contracts\\mock\\FlashBorrowerMock.sol","s":{"1":0,"2":0,"3":0,"4":0,"5":0,"6":0,"7":0,"8":0,"9":0,"10":0,"11":0,"12":0,"13":0,"14":0,"15":0,"16":0,"17":0,"18":0,"19":0,"20":0,"21":0,"22":0,"23":0,"24":0},"b":{"1":[0,0],"2":[0,0],"3":[0,0],"4":[0,0],"5":[0,0],"6":[0,0]},"f":{"1":0,"2":0,"3":0,"4":0,"5":0},"fnMap":{"1":{"name":"constructor","line":22,"loc":{"start":{"line":22,"column":4},"end":{"line":24,"column":4}}},"2":{"name":"onFlashLoan","line":35,"loc":{"start":{"line":35,"column":4},"end":{"line":57,"column":4}}},"3":{"name":"flashBorrow","line":64,"loc":{"start":{"line":64,"column":4},"end":{"line":83,"column":4}}},"4":{"name":"transfer","line":93,"loc":{"start":{"line":93,"column":4},"end":{"line":100,"column":4}}},"5":{"name":"withdraw","line":108,"loc":{"start":{"line":108,"column":4},"end":{"line":110,"column":4}}}},"statementMap":{"1":{"start":{"line":23,"column":8},"end":{"line":23,"column":23}},"2":{"start":{"line":42,"column":8},"end":{"line":42,"column":27}},"3":{"start":{"line":43,"column":8},"end":{"line":43,"column":85}},"4":{"start":{"line":44,"column":8},"end":{"line":44,"column":80}},"5":{"start":{"line":46,"column":8},"end":{"line":46,"column":50}},"6":{"start":{"line":47,"column":8},"end":{"line":47,"column":1472}},"7":{"start":{"line":49,"column":12},"end":{"line":49,"column":70}},"8":{"start":{"line":50,"column":15},"end":{"line":50,"column":1622}},"9":{"start":{"line":52,"column":12},"end":{"line":52,"column":76}},"10":{"start":{"line":54,"column":12},"end":{"line":54,"column":76}},"11":{"start":{"line":56,"column":8},"end":{"line":56,"column":26}},"12":{"start":{"line":69,"column":8},"end":{"line":69,"column":25}},"13":{"start":{"line":70,"column":8},"end":{"line":70,"column":2204}},"14":{"start":{"line":71,"column":12},"end":{"line":71,"column":43}},"15":{"start":{"line":72,"column":15},"end":{"line":72,"column":2295}},"16":{"start":{"line":73,"column":12},"end":{"line":73,"column":42}},"17":{"start":{"line":75,"column":12},"end":{"line":75,"column":33}},"18":{"start":{"line":78,"column":8},"end":{"line":78,"column":84}},"19":{"start":{"line":79,"column":8},"end":{"line":79,"column":53}},"20":{"start":{"line":80,"column":8},"end":{"line":80,"column":42}},"21":{"start":{"line":81,"column":8},"end":{"line":81,"column":70}},"22":{"start":{"line":82,"column":8},"end":{"line":82,"column":50}},"23":{"start":{"line":99,"column":8},"end":{"line":99,"column":56}},"24":{"start":{"line":109,"column":8},"end":{"line":109,"column":37}}},"branchMap":{"1":{"line":43,"type":"if","locations":[{"start":{"line":43,"column":8},"end":{"line":43,"column":8}},{"start":{"line":43,"column":8},"end":{"line":43,"column":8}}]},"2":{"line":44,"type":"if","locations":[{"start":{"line":44,"column":8},"end":{"line":44,"column":8}},{"start":{"line":44,"column":8},"end":{"line":44,"column":8}}]},"3":{"line":47,"type":"if","locations":[{"start":{"line":47,"column":8},"end":{"line":47,"column":8}},{"start":{"line":47,"column":8},"end":{"line":47,"column":8}}]},"4":{"line":50,"type":"if","locations":[{"start":{"line":50,"column":15},"end":{"line":50,"column":15}},{"start":{"line":50,"column":15},"end":{"line":50,"column":15}}]},"5":{"line":70,"type":"if","locations":[{"start":{"line":70,"column":8},"end":{"line":70,"column":8}},{"start":{"line":70,"column":8},"end":{"line":70,"column":8}}]},"6":{"line":72,"type":"if","locations":[{"start":{"line":72,"column":15},"end":{"line":72,"column":15}},{"start":{"line":72,"column":15},"end":{"line":72,"column":15}}]}}},
"contracts\\Vault.sol":{"l":{"40":0,"44":0,"45":0,"59":0,"64":0,"68":0,"69":0,"70":0,"72":0,"74":0,"75":0,"77":0,"92":0,"98":0,"102":0,"103":0,"104":0,"105":0,"106":0,"123":0,"129":0,"133":0,"134":0,"150":0,"151":0,"155":0,"156":0,"161":0,"165":0,"170":0,"191":0,"195":0,"196":0,"201":0,"213":0,"217":0,"220":0,"221":0,"225":0,"240":0,"254":0,"268":0,"284":0,"298":0,"300":0,"304":0,"313":0,"321":0,"336":0,"351":0,"363":0},"path":"F:\\Victory\\Task\\Vault\\contracts\\Vault.sol","s":{"1":0,"2":0,"3":0,"4":0,"5":0,"6":0,"7":0,"8":0,"9":0,"10":0,"11":0,"12":0,"13":0,"14":0,"15":0,"16":0,"17":0,"18":0,"19":0,"20":0,"21":0,"22":0,"23":0,"24":0,"25":0,"26":0,"27":0,"28":0,"29":0,"30":0,"31":0,"32":0,"33":0,"34":0,"35":0,"36":0,"37":0,"38":0,"39":0,"40":0,"41":0,"42":0,"43":0,"44":0,"45":0,"46":0,"47":0,"48":0,"49":0},"b":{"1":[0,0],"2":[0,0],"3":[0,0],"4":[0,0],"5":[0,0],"6":[0,0],"7":[0,0],"8":[0,0],"9":[0,0],"10":[0,0],"11":[0,0],"12":[0,0],"13":[0,0],"14":[0,0]},"f":{"1":0,"2":0,"3":0,"4":0,"5":0,"6":0,"7":0,"8":0,"9":0,"10":0,"11":0,"12":0,"13":0,"14":0,"15":0,"16":0,"17":0,"18":0},"fnMap":{"1":{"name":"constructor","line":39,"loc":{"start":{"line":39,"column":4},"end":{"line":41,"column":4}}},"2":{"name":"isUnPaused","line":43,"loc":{"start":{"line":43,"column":4},"end":{"line":46,"column":4}}},"3":{"name":"deposit","line":57,"loc":{"start":{"line":54,"column":4},"end":{"line":78,"column":4}}},"4":{"name":"withdraw","line":90,"loc":{"start":{"line":86,"column":4},"end":{"line":107,"column":4}}},"5":{"name":"transfer","line":122,"loc":{"start":{"line":117,"column":4},"end":{"line":135,"column":4}}},"6":{"name":"flashLoan","line":149,"loc":{"start":{"line":144,"column":4},"end":{"line":171,"column":4}}},"7":{"name":"approveContract","line":183,"loc":{"start":{"line":183,"column":4},"end":{"line":226,"column":4}}},"8":{"name":"flashFee","line":234,"loc":{"start":{"line":234,"column":4},"end":{"line":241,"column":4}}},"9":{"name":"_flashFee","line":249,"loc":{"start":{"line":249,"column":4},"end":{"line":255,"column":4}}},"10":{"name":"maxFlashLoan","line":262,"loc":{"start":{"line":262,"column":4},"end":{"line":269,"column":4}}},"11":{"name":"updateCode","line":277,"loc":{"start":{"line":277,"column":4},"end":{"line":277,"column":61}}},"12":{"name":"setPause","line":283,"loc":{"start":{"line":283,"column":4},"end":{"line":285,"column":4}}},"13":{"name":"emergencyWithdraw","line":297,"loc":{"start":{"line":293,"column":4},"end":{"line":305,"column":4}}},"14":{"name":"allowContract","line":312,"loc":{"start":{"line":312,"column":4},"end":{"line":314,"column":4}}},"15":{"name":"updateFlashloanfeeRate","line":320,"loc":{"start":{"line":320,"column":4},"end":{"line":322,"column":4}}},"16":{"name":"toShare","line":331,"loc":{"start":{"line":331,"column":4},"end":{"line":339,"column":4}}},"17":{"name":"toUnderlying","line":346,"loc":{"start":{"line":346,"column":4},"end":{"line":354,"column":4}}},"18":{"name":"viewShare","line":360,"loc":{"start":{"line":357,"column":4},"end":{"line":364,"column":4}}}},"statementMap":{"1":{"start":{"line":40,"column":8},"end":{"line":40,"column":25}},"2":{"start":{"line":44,"column":8},"end":{"line":44,"column":57}},"3":{"start":{"line":59,"column":8},"end":{"line":59,"column":2135}},"4":{"start":{"line":64,"column":8},"end":{"line":64,"column":2318}},"5":{"start":{"line":68,"column":8},"end":{"line":68,"column":70}},"6":{"start":{"line":69,"column":8},"end":{"line":69,"column":2533}},"7":{"start":{"line":70,"column":12},"end":{"line":70,"column":63}},"8":{"start":{"line":72,"column":12},"end":{"line":72,"column":2692}},"9":{"start":{"line":74,"column":12},"end":{"line":74,"column":39}},"10":{"start":{"line":75,"column":12},"end":{"line":75,"column":49}},"11":{"start":{"line":77,"column":8},"end":{"line":77,"column":38}},"12":{"start":{"line":92,"column":8},"end":{"line":92,"column":3317}},"13":{"start":{"line":98,"column":8},"end":{"line":98,"column":3551}},"14":{"start":{"line":102,"column":8},"end":{"line":102,"column":59}},"15":{"start":{"line":103,"column":8},"end":{"line":103,"column":37}},"16":{"start":{"line":104,"column":8},"end":{"line":104,"column":55}},"17":{"start":{"line":105,"column":8},"end":{"line":105,"column":36}},"18":{"start":{"line":106,"column":8},"end":{"line":106,"column":45}},"19":{"start":{"line":123,"column":8},"end":{"line":123,"column":4491}},"20":{"start":{"line":129,"column":8},"end":{"line":129,"column":4724}},"21":{"start":{"line":133,"column":8},"end":{"line":133,"column":42}},"22":{"start":{"line":134,"column":8},"end":{"line":134,"column":46}},"23":{"start":{"line":150,"column":8},"end":{"line":150,"column":51}},"24":{"start":{"line":151,"column":8},"end":{"line":151,"column":5674}},"25":{"start":{"line":155,"column":8},"end":{"line":155,"column":56}},"26":{"start":{"line":156,"column":8},"end":{"line":156,"column":5868}},"27":{"start":{"line":161,"column":8},"end":{"line":161,"column":6052}},"28":{"start":{"line":165,"column":8},"end":{"line":165,"column":6214}},"29":{"start":{"line":170,"column":8},"end":{"line":170,"column":19}},"30":{"start":{"line":191,"column":8},"end":{"line":191,"column":7039}},"31":{"start":{"line":195,"column":8},"end":{"line":195,"column":23}},"32":{"start":{"line":201,"column":8},"end":{"line":201,"column":7316}},"33":{"start":{"line":213,"column":8},"end":{"line":213,"column":7719}},"34":{"start":{"line":217,"column":8},"end":{"line":217,"column":7839}},"35":{"start":{"line":220,"column":8},"end":{"line":220,"column":49}},"36":{"start":{"line":221,"column":8},"end":{"line":221,"column":8009}},"37":{"start":{"line":225,"column":8},"end":{"line":225,"column":44}},"38":{"start":{"line":240,"column":8},"end":{"line":240,"column":41}},"39":{"start":{"line":254,"column":8},"end":{"line":254,"column":41}},"40":{"start":{"line":268,"column":8},"end":{"line":268,"column":34}},"41":{"start":{"line":284,"column":8},"end":{"line":284,"column":23}},"42":{"start":{"line":298,"column":8},"end":{"line":298,"column":10410}},"43":{"start":{"line":300,"column":8},"end":{"line":300,"column":10500}},"44":{"start":{"line":304,"column":8},"end":{"line":304,"column":46}},"45":{"start":{"line":313,"column":8},"end":{"line":313,"column":40}},"46":{"start":{"line":321,"column":8},"end":{"line":321,"column":25}},"47":{"start":{"line":336,"column":8},"end":{"line":336,"column":11668}},"48":{"start":{"line":351,"column":8},"end":{"line":351,"column":12123}},"49":{"start":{"line":363,"column":8},"end":{"line":363,"column":41}}},"branchMap":{"1":{"line":44,"type":"if","locations":[{"start":{"line":44,"column":8},"end":{"line":44,"column":8}},{"start":{"line":44,"column":8},"end":{"line":44,"column":8}}]},"2":{"line":59,"type":"if","locations":[{"start":{"line":59,"column":8},"end":{"line":59,"column":8}},{"start":{"line":59,"column":8},"end":{"line":59,"column":8}}]},"3":{"line":64,"type":"if","locations":[{"start":{"line":64,"column":8},"end":{"line":64,"column":8}},{"start":{"line":64,"column":8},"end":{"line":64,"column":8}}]},"4":{"line":69,"type":"if","locations":[{"start":{"line":69,"column":8},"end":{"line":69,"column":8}},{"start":{"line":69,"column":8},"end":{"line":69,"column":8}}]},"5":{"line":92,"type":"if","locations":[{"start":{"line":92,"column":8},"end":{"line":92,"column":8}},{"start":{"line":92,"column":8},"end":{"line":92,"column":8}}]},"6":{"line":102,"type":"if","locations":[{"start":{"line":102,"column":8},"end":{"line":102,"column":8}},{"start":{"line":102,"column":8},"end":{"line":102,"column":8}}]},"7":{"line":123,"type":"if","locations":[{"start":{"line":123,"column":8},"end":{"line":123,"column":8}},{"start":{"line":123,"column":8},"end":{"line":123,"column":8}}]},"8":{"line":129,"type":"if","locations":[{"start":{"line":129,"column":8},"end":{"line":129,"column":8}},{"start":{"line":129,"column":8},"end":{"line":129,"column":8}}]},"9":{"line":151,"type":"if","locations":[{"start":{"line":151,"column":8},"end":{"line":151,"column":8}},{"start":{"line":151,"column":8},"end":{"line":151,"column":8}}]},"10":{"line":156,"type":"if","locations":[{"start":{"line":156,"column":8},"end":{"line":156,"column":8}},{"start":{"line":156,"column":8},"end":{"line":156,"column":8}}]},"11":{"line":161,"type":"if","locations":[{"start":{"line":161,"column":8},"end":{"line":161,"column":8}},{"start":{"line":161,"column":8},"end":{"line":161,"column":8}}]},"12":{"line":191,"type":"if","locations":[{"start":{"line":191,"column":8},"end":{"line":191,"column":8}},{"start":{"line":191,"column":8},"end":{"line":191,"column":8}}]},"13":{"line":221,"type":"if","locations":[{"start":{"line":221,"column":8},"end":{"line":221,"column":8}},{"start":{"line":221,"column":8},"end":{"line":221,"column":8}}]},"14":{"line":300,"type":"if","locations":[{"start":{"line":300,"column":8},"end":{"line":300,"column":8}},{"start":{"line":300,"column":8},"end":{"line":300,"column":8}}]}}}}
