TN:
SF:F:\Work\StackingVault\contracts\Greeter.sol
FN:7,constructor
FN:11,greet
FN:15,setGreeting
FNF:3
FNH:0
FNDA:0,constructor
FNDA:0,greet
FNDA:0,setGreeting
DA:8,0
DA:12,0
DA:16,0
LF:3
LH:0
BRF:0
BRH:0
end_of_record
TN:
SF:F:\Work\StackingVault\contracts\interfaces\IERC20.sol
FNF:0
FNH:0
LF:0
LH:0
BRF:0
BRH:0
end_of_record
TN:
SF:F:\Work\StackingVault\contracts\mock\ERC20Mock.sol
FN:8,constructor
FN:11,mint
FNF:2
FNH:1
FNDA:3,constructor
FNDA:0,mint
DA:12,0
LF:1
LH:0
BRF:0
BRH:0
end_of_record
TN:
SF:F:\Work\StackingVault\contracts\StakingVault.sol
FN:33,constructor
FN:37,isPeriod
FN:45,isUnPaused
FN:50,updateReward
FN:58,onlyRewardDistributor
FN:75,lock
FN:89,increaselock
FN:112,unlock
FN:127,getClaimableRewards
FN:139,claimRewards
FN:154,compound
FN:163,getRewardPerTokenForOneSecond
FN:179,lockFor
FN:187,setRewardDistributor
FN:195,setPause
FN:202,notifyRewardAmount
FN:213,_lock
FNF:17
FNH:2
FNDA:3,constructor
FNDA:0,isPeriod
FNDA:0,isUnPaused
FNDA:0,updateReward
FNDA:0,onlyRewardDistributor
FNDA:0,lock
FNDA:0,increaselock
FNDA:0,unlock
FNDA:0,getClaimableRewards
FNDA:0,claimRewards
FNDA:0,compound
FNDA:0,getRewardPerTokenForOneSecond
FNDA:0,lockFor
FNDA:0,setRewardDistributor
FNDA:2,setPause
FNDA:0,notifyRewardAmount
FNDA:0,_lock
DA:34,3
DA:38,0
DA:42,0
DA:46,0
DA:47,0
DA:51,0
DA:52,0
DA:53,0
DA:54,0
DA:55,0
DA:59,0
DA:60,0
DA:77,0
DA:78,0
DA:91,0
DA:92,0
DA:93,0
DA:94,0
DA:95,0
DA:96,0
DA:97,0
DA:98,0
DA:99,0
DA:100,0
DA:114,0
DA:115,0
DA:116,0
DA:118,0
DA:119,0
DA:128,0
DA:129,0
DA:130,0
DA:140,0
DA:141,0
DA:142,0
DA:143,0
DA:144,0
DA:145,0
DA:155,0
DA:156,0
DA:157,0
DA:159,0
DA:160,0
DA:164,0
DA:180,0
DA:188,0
DA:196,2
DA:203,0
DA:204,0
DA:218,0
DA:219,0
DA:220,0
DA:221,0
DA:222,0
DA:223,0
DA:224,0
LF:56
LH:2
BRDA:38,1,0,0
BRDA:38,1,1,0
BRDA:46,2,0,0
BRDA:46,2,1,0
BRDA:59,3,0,0
BRDA:59,3,1,0
BRDA:92,4,0,0
BRDA:92,4,1,0
BRDA:115,5,0,0
BRDA:115,5,1,0
BRDA:116,6,0,0
BRDA:116,6,1,0
BRDA:128,7,0,0
BRDA:128,7,1,0
BRDA:140,8,0,0
BRDA:140,8,1,0
BRDA:143,9,0,0
BRDA:143,9,1,0
BRDA:156,10,0,0
BRDA:156,10,1,0
BRDA:157,11,0,0
BRDA:157,11,1,0
BRF:22
BRH:0
end_of_record
