TN:
SF:F:\Work\StackingVault\contracts\Greeter.sol
FN:7,constructor
FN:11,greet
FN:15,setGreeting
FNF:3
FNH:0
FNDA:0,constructor
FNDA:0,greet
FNDA:0,setGreeting
DA:8,0
DA:12,0
DA:16,0
LF:3
LH:0
BRF:0
BRH:0
end_of_record
TN:
SF:F:\Work\StackingVault\contracts\interfaces\IERC20.sol
FNF:0
FNH:0
LF:0
LH:0
BRF:0
BRH:0
end_of_record
TN:
SF:F:\Work\StackingVault\contracts\mock\ERC20Mock.sol
FN:8,constructor
FN:11,mint
FNF:2
FNH:1
FNDA:3,constructor
FNDA:0,mint
DA:12,0
LF:1
LH:0
BRF:0
BRH:0
end_of_record
TN:
SF:F:\Work\StackingVault\contracts\StakingVault.sol
FN:33,constructor
FN:37,isPeriod
FN:45,isUnPaused
FN:58,lock
FN:67,increaselock
FN:84,unlock
FN:99,getClaimableRewards
FN:111,claimRewards
FN:121,compound
FN:130,getRewardPerTokenForOneSecond
FN:146,lockFor
FN:154,setRewardDistributor
FN:162,setPause
FN:172,_lock
FNF:14
FNH:2
FNDA:3,constructor
FNDA:0,isPeriod
FNDA:0,isUnPaused
FNDA:0,lock
FNDA:0,increaselock
FNDA:0,unlock
FNDA:0,getClaimableRewards
FNDA:0,claimRewards
FNDA:0,compound
FNDA:0,getRewardPerTokenForOneSecond
FNDA:0,lockFor
FNDA:0,setRewardDistributor
FNDA:1,setPause
FNDA:0,_lock
DA:34,3
DA:38,0
DA:42,0
DA:46,0
DA:47,0
DA:59,0
DA:68,0
DA:69,0
DA:70,0
DA:71,0
DA:72,0
DA:73,0
DA:74,0
DA:75,0
DA:76,0
DA:85,0
DA:86,0
DA:87,0
DA:88,0
DA:100,0
DA:101,0
DA:102,0
DA:112,0
DA:122,0
DA:123,0
DA:125,0
DA:126,0
DA:131,0
DA:147,0
DA:155,0
DA:163,1
DA:177,0
DA:178,0
DA:179,0
DA:180,0
DA:181,0
DA:182,0
DA:183,0
LF:38
LH:2
BRDA:38,1,0,0
BRDA:38,1,1,0
BRDA:46,2,0,0
BRDA:46,2,1,0
BRDA:69,3,0,0
BRDA:69,3,1,0
BRDA:86,4,0,0
BRDA:86,4,1,0
BRDA:87,5,0,0
BRDA:87,5,1,0
BRDA:100,6,0,0
BRDA:100,6,1,0
BRDA:112,7,0,0
BRDA:112,7,1,0
BRDA:122,8,0,0
BRDA:122,8,1,0
BRDA:123,9,0,0
BRDA:123,9,1,0
BRF:18
BRH:0
end_of_record
